<?xml version="1.0" encoding="UTF-8"?>
<testsuite name="gov.ca.cwds.elasticsearch.db.ElasticsearchDaoTest" tests="7" skipped="0" failures="1" errors="0" timestamp="2016-11-21T22:31:38" hostname="Richards-MacBook-Pro.local" time="240.303">
  <properties/>
  <testcase name="testCreateDocument_when_documentTypeNull" classname="gov.ca.cwds.elasticsearch.db.ElasticsearchDaoTest" time="0.245"/>
  <testcase name="testCreateDocument_when_indexNameEmpty" classname="gov.ca.cwds.elasticsearch.db.ElasticsearchDaoTest" time="60.039"/>
  <testcase name="testCreateDocument_when_documentTypeEmpty" classname="gov.ca.cwds.elasticsearch.db.ElasticsearchDaoTest" time="60.007"/>
  <testcase name="testCreateDocument_when_documentEmpty" classname="gov.ca.cwds.elasticsearch.db.ElasticsearchDaoTest" time="60.006"/>
  <testcase name="testCreateDocument" classname="gov.ca.cwds.elasticsearch.db.ElasticsearchDaoTest" time="60.005">
    <failure message="MasterNotDiscoveredException[null]" type="org.elasticsearch.discovery.MasterNotDiscoveredException">MasterNotDiscoveredException[null]
	at org.elasticsearch.action.support.master.TransportMasterNodeAction$AsyncSingleAction$5.onTimeout(TransportMasterNodeAction.java:226)
	at org.elasticsearch.cluster.ClusterStateObserver$ObserverClusterStateListener.onTimeout(ClusterStateObserver.java:236)
	at org.elasticsearch.cluster.service.InternalClusterService$NotifyTimeout.run(InternalClusterService.java:804)
	at java.util.concurrent.ThreadPoolExecutor.runWorker(ThreadPoolExecutor.java:1142)
	at java.util.concurrent.ThreadPoolExecutor$Worker.run(ThreadPoolExecutor.java:617)
	at java.lang.Thread.run(Thread.java:745)
</failure>
  </testcase>
  <testcase name="testCreateDocument_when_documentNull" classname="gov.ca.cwds.elasticsearch.db.ElasticsearchDaoTest" time="0.0"/>
  <testcase name="testCreateDocument_when_indexNameNull" classname="gov.ca.cwds.elasticsearch.db.ElasticsearchDaoTest" time="0.001"/>
  <system-out><![CDATA[writing to: /var/folders/z9/dhwjkrln03l4x9445h5pcvdm0000gn/T/elasticsearch-temp6331238672049704971029694236157075
14:31:06.410 [Test worker] INFO org.elasticsearch.node - [Zabu] version[2.3.5], pid[79212], build[90f439f/2016-07-27T10:36:52Z]
14:31:06.412 [Test worker] INFO org.elasticsearch.node - [Zabu] initializing ...
14:31:06.412 [Test worker] DEBUG org.elasticsearch.node - [Zabu] using config [/var/folders/z9/dhwjkrln03l4x9445h5pcvdm0000gn/T/elasticsearch-temp6331238672049704971029694236157075/config], data [[/var/folders/z9/dhwjkrln03l4x9445h5pcvdm0000gn/T/elasticsearch-temp6331238672049704971029694236157075/data]], logs [/var/folders/z9/dhwjkrln03l4x9445h5pcvdm0000gn/T/elasticsearch-temp6331238672049704971029694236157075/logs], plugins [/var/folders/z9/dhwjkrln03l4x9445h5pcvdm0000gn/T/elasticsearch-temp6331238672049704971029694236157075/plugins]
14:31:06.417 [Test worker] DEBUG org.elasticsearch.plugins - [/var/folders/z9/dhwjkrln03l4x9445h5pcvdm0000gn/T/elasticsearch-temp6331238672049704971029694236157075/plugins] directory does not exist.
14:31:06.418 [Test worker] INFO org.elasticsearch.plugins - [Zabu] modules [], plugins [], sites []
14:31:06.435 [Test worker] DEBUG org.elasticsearch.env - [Zabu] using node location [[NodePath{path=/var/folders/z9/dhwjkrln03l4x9445h5pcvdm0000gn/T/elasticsearch-temp6331238672049704971029694236157075/data/elasticsearch/nodes/0, spins=null}]], local_node_id [0]
14:31:06.439 [Test worker] DEBUG org.elasticsearch.env - [Zabu] node data locations details:
 -> /var/folders/z9/dhwjkrln03l4x9445h5pcvdm0000gn/T/elasticsearch-temp6331238672049704971029694236157075/data/elasticsearch/nodes/0, free_space [113.7gb], usable_space [113.4gb], total_space [464.8gb], spins? [unknown], mount [/ (/dev/disk1)], type [hfs]
14:31:06.439 [Test worker] INFO org.elasticsearch.env - [Zabu] heap size [3.5gb], compressed ordinary object pointers [true]
14:31:06.441 [Test worker] WARN org.elasticsearch.env - [Zabu] max file descriptors [10240] for elasticsearch process likely too low, consider increasing to at least [65536]
14:31:06.452 [Test worker] DEBUG org.elasticsearch.threadpool - [Zabu] creating thread_pool [force_merge], type [fixed], size [1], queue_size [null]
14:31:06.458 [Test worker] DEBUG org.elasticsearch.threadpool - [Zabu] creating thread_pool [percolate], type [fixed], size [8], queue_size [1k]
14:31:06.470 [Test worker] DEBUG org.elasticsearch.threadpool - [Zabu] creating thread_pool [fetch_shard_started], type [scaling], min [1], size [16], keep_alive [5m]
14:31:06.471 [Test worker] DEBUG org.elasticsearch.threadpool - [Zabu] creating thread_pool [listener], type [fixed], size [4], queue_size [null]
14:31:06.471 [Test worker] DEBUG org.elasticsearch.threadpool - [Zabu] creating thread_pool [index], type [fixed], size [8], queue_size [200]
14:31:06.471 [Test worker] DEBUG org.elasticsearch.threadpool - [Zabu] creating thread_pool [refresh], type [scaling], min [1], size [4], keep_alive [5m]
14:31:06.472 [Test worker] DEBUG org.elasticsearch.threadpool - [Zabu] creating thread_pool [suggest], type [fixed], size [8], queue_size [1k]
14:31:06.472 [Test worker] DEBUG org.elasticsearch.threadpool - [Zabu] creating thread_pool [generic], type [cached], keep_alive [30s]
14:31:06.472 [Test worker] DEBUG org.elasticsearch.threadpool - [Zabu] creating thread_pool [warmer], type [scaling], min [1], size [4], keep_alive [5m]
14:31:06.472 [Test worker] DEBUG org.elasticsearch.threadpool - [Zabu] creating thread_pool [search], type [fixed], size [13], queue_size [1k]
14:31:06.472 [Test worker] DEBUG org.elasticsearch.threadpool - [Zabu] creating thread_pool [flush], type [scaling], min [1], size [4], keep_alive [5m]
14:31:06.472 [Test worker] DEBUG org.elasticsearch.threadpool - [Zabu] creating thread_pool [fetch_shard_store], type [scaling], min [1], size [16], keep_alive [5m]
14:31:06.473 [Test worker] DEBUG org.elasticsearch.threadpool - [Zabu] creating thread_pool [management], type [scaling], min [1], size [5], keep_alive [5m]
14:31:06.473 [Test worker] DEBUG org.elasticsearch.threadpool - [Zabu] creating thread_pool [get], type [fixed], size [8], queue_size [1k]
14:31:06.473 [Test worker] DEBUG org.elasticsearch.threadpool - [Zabu] creating thread_pool [bulk], type [fixed], size [8], queue_size [50]
14:31:06.473 [Test worker] DEBUG org.elasticsearch.threadpool - [Zabu] creating thread_pool [snapshot], type [scaling], min [1], size [4], keep_alive [5m]
14:31:06.883 [Test worker] DEBUG org.elasticsearch.script - [Zabu] failed to load mustache
java.lang.ClassNotFoundException: com.github.mustachejava.Mustache
	at java.net.URLClassLoader.findClass(URLClassLoader.java:381)
	at java.lang.ClassLoader.loadClass(ClassLoader.java:424)
	at sun.misc.Launcher$AppClassLoader.loadClass(Launcher.java:331)
	at java.lang.ClassLoader.loadClass(ClassLoader.java:357)
	at java.lang.Class.forName0(Native Method)
	at java.lang.Class.forName(Class.java:264)
	at org.elasticsearch.script.ScriptModule.configure(ScriptModule.java:80)
	at org.elasticsearch.common.inject.AbstractModule.configure(AbstractModule.java:60)
	at org.elasticsearch.common.inject.spi.Elements$RecordingBinder.install(Elements.java:233)
	at org.elasticsearch.common.inject.spi.Elements.getElements(Elements.java:105)
	at org.elasticsearch.common.inject.InjectorShell$Builder.build(InjectorShell.java:143)
	at org.elasticsearch.common.inject.InjectorBuilder.build(InjectorBuilder.java:99)
	at org.elasticsearch.common.inject.Guice.createInjector(Guice.java:96)
	at org.elasticsearch.common.inject.Guice.createInjector(Guice.java:70)
	at org.elasticsearch.common.inject.ModulesBuilder.createInjector(ModulesBuilder.java:46)
	at org.elasticsearch.node.Node.<init>(Node.java:213)
	at org.elasticsearch.node.Node.<init>(Node.java:140)
	at org.elasticsearch.node.NodeBuilder.build(NodeBuilder.java:143)
	at org.elasticsearch.node.NodeBuilder.node(NodeBuilder.java:150)
	at gov.ca.cwds.elasticsearch.db.ElasticsearchDaoTest.setUp(ElasticsearchDaoTest.java:36)
	at sun.reflect.NativeMethodAccessorImpl.invoke0(Native Method)
	at sun.reflect.NativeMethodAccessorImpl.invoke(NativeMethodAccessorImpl.java:62)
	at sun.reflect.DelegatingMethodAccessorImpl.invoke(DelegatingMethodAccessorImpl.java:43)
	at java.lang.reflect.Method.invoke(Method.java:498)
	at org.junit.runners.model.FrameworkMethod$1.runReflectiveCall(FrameworkMethod.java:50)
	at org.junit.internal.runners.model.ReflectiveCallable.run(ReflectiveCallable.java:12)
	at org.junit.runners.model.FrameworkMethod.invokeExplosively(FrameworkMethod.java:47)
	at org.junit.internal.runners.statements.RunBefores.evaluate(RunBefores.java:24)
	at org.junit.internal.runners.statements.RunAfters.evaluate(RunAfters.java:27)
	at org.junit.runners.ParentRunner.run(ParentRunner.java:363)
	at org.gradle.api.internal.tasks.testing.junit.JUnitTestClassExecuter.runTestClass(JUnitTestClassExecuter.java:114)
	at org.gradle.api.internal.tasks.testing.junit.JUnitTestClassExecuter.execute(JUnitTestClassExecuter.java:57)
	at org.gradle.api.internal.tasks.testing.junit.JUnitTestClassProcessor.processTestClass(JUnitTestClassProcessor.java:66)
	at org.gradle.api.internal.tasks.testing.SuiteTestClassProcessor.processTestClass(SuiteTestClassProcessor.java:51)
	at sun.reflect.NativeMethodAccessorImpl.invoke0(Native Method)
	at sun.reflect.NativeMethodAccessorImpl.invoke(NativeMethodAccessorImpl.java:62)
	at sun.reflect.DelegatingMethodAccessorImpl.invoke(DelegatingMethodAccessorImpl.java:43)
	at java.lang.reflect.Method.invoke(Method.java:498)
	at org.gradle.internal.dispatch.ReflectionDispatch.dispatch(ReflectionDispatch.java:35)
	at org.gradle.internal.dispatch.ReflectionDispatch.dispatch(ReflectionDispatch.java:24)
	at org.gradle.internal.dispatch.ContextClassLoaderDispatch.dispatch(ContextClassLoaderDispatch.java:32)
	at org.gradle.internal.dispatch.ProxyDispatchAdapter$DispatchingInvocationHandler.invoke(ProxyDispatchAdapter.java:93)
	at com.sun.proxy.$Proxy2.processTestClass(Unknown Source)
	at org.gradle.api.internal.tasks.testing.worker.TestWorker.processTestClass(TestWorker.java:109)
	at sun.reflect.NativeMethodAccessorImpl.invoke0(Native Method)
	at sun.reflect.NativeMethodAccessorImpl.invoke(NativeMethodAccessorImpl.java:62)
	at sun.reflect.DelegatingMethodAccessorImpl.invoke(DelegatingMethodAccessorImpl.java:43)
	at java.lang.reflect.Method.invoke(Method.java:498)
	at org.gradle.internal.dispatch.ReflectionDispatch.dispatch(ReflectionDispatch.java:35)
	at org.gradle.internal.dispatch.ReflectionDispatch.dispatch(ReflectionDispatch.java:24)
	at org.gradle.internal.remote.internal.hub.MessageHub$Handler.run(MessageHub.java:377)
	at org.gradle.internal.concurrent.ExecutorPolicy$CatchAndRecordFailures.onExecute(ExecutorPolicy.java:54)
	at org.gradle.internal.concurrent.StoppableExecutorImpl$1.run(StoppableExecutorImpl.java:40)
	at java.util.concurrent.ThreadPoolExecutor.runWorker(ThreadPoolExecutor.java:1142)
	at java.util.concurrent.ThreadPoolExecutor$Worker.run(ThreadPoolExecutor.java:617)
	at java.lang.Thread.run(Thread.java:745)
14:31:07.739 [Test worker] DEBUG org.elasticsearch.monitor.jvm - [Zabu] enabled [true], interval [1s], gc_threshold [{default=GcThreshold{name='default', warnThreshold=10000, infoThreshold=5000, debugThreshold=2000}, young=GcThreshold{name='young', warnThreshold=1000, infoThreshold=700, debugThreshold=400}, old=GcThreshold{name='old', warnThreshold=10000, infoThreshold=5000, debugThreshold=2000}}]
14:31:07.743 [Test worker] DEBUG org.elasticsearch.monitor.os - [Zabu] Using probe [org.elasticsearch.monitor.os.OsProbe@7da6c6a7] with refresh_interval [1s]
14:31:07.747 [Test worker] WARN org.elasticsearch.bootstrap - JNA not found. native methods will be disabled.
java.lang.ClassNotFoundException: com.sun.jna.Native
	at java.net.URLClassLoader.findClass(URLClassLoader.java:381)
	at java.lang.ClassLoader.loadClass(ClassLoader.java:424)
	at sun.misc.Launcher$AppClassLoader.loadClass(Launcher.java:331)
	at java.lang.ClassLoader.loadClass(ClassLoader.java:357)
	at java.lang.Class.forName0(Native Method)
	at java.lang.Class.forName(Class.java:264)
	at org.elasticsearch.bootstrap.Natives.<clinit>(Natives.java:45)
	at org.elasticsearch.bootstrap.BootstrapInfo.isMemoryLocked(BootstrapInfo.java:44)
	at org.elasticsearch.monitor.process.ProcessProbe.processInfo(ProcessProbe.java:130)
	at org.elasticsearch.monitor.process.ProcessService.<init>(ProcessService.java:44)
	at sun.reflect.NativeConstructorAccessorImpl.newInstance0(Native Method)
	at sun.reflect.NativeConstructorAccessorImpl.newInstance(NativeConstructorAccessorImpl.java:62)
	at sun.reflect.DelegatingConstructorAccessorImpl.newInstance(DelegatingConstructorAccessorImpl.java:45)
	at java.lang.reflect.Constructor.newInstance(Constructor.java:423)
	at org.elasticsearch.common.inject.DefaultConstructionProxyFactory$1.newInstance(DefaultConstructionProxyFactory.java:50)
	at org.elasticsearch.common.inject.ConstructorInjector.construct(ConstructorInjector.java:86)
	at org.elasticsearch.common.inject.ConstructorBindingImpl$Factory.get(ConstructorBindingImpl.java:104)
	at org.elasticsearch.common.inject.ProviderToInternalFactoryAdapter$1.call(ProviderToInternalFactoryAdapter.java:47)
	at org.elasticsearch.common.inject.InjectorImpl.callInContext(InjectorImpl.java:886)
	at org.elasticsearch.common.inject.ProviderToInternalFactoryAdapter.get(ProviderToInternalFactoryAdapter.java:43)
	at org.elasticsearch.common.inject.Scopes$1$1.get(Scopes.java:59)
	at org.elasticsearch.common.inject.InternalFactoryToProviderAdapter.get(InternalFactoryToProviderAdapter.java:46)
	at org.elasticsearch.common.inject.SingleParameterInjector.inject(SingleParameterInjector.java:42)
	at org.elasticsearch.common.inject.SingleParameterInjector.getAll(SingleParameterInjector.java:66)
	at org.elasticsearch.common.inject.ConstructorInjector.construct(ConstructorInjector.java:85)
	at org.elasticsearch.common.inject.ConstructorBindingImpl$Factory.get(ConstructorBindingImpl.java:104)
	at org.elasticsearch.common.inject.SingleParameterInjector.inject(SingleParameterInjector.java:42)
	at org.elasticsearch.common.inject.SingleParameterInjector.getAll(SingleParameterInjector.java:66)
	at org.elasticsearch.common.inject.ConstructorInjector.construct(ConstructorInjector.java:85)
	at org.elasticsearch.common.inject.ConstructorBindingImpl$Factory.get(ConstructorBindingImpl.java:104)
	at org.elasticsearch.common.inject.ProviderToInternalFactoryAdapter$1.call(ProviderToInternalFactoryAdapter.java:47)
	at org.elasticsearch.common.inject.InjectorImpl.callInContext(InjectorImpl.java:886)
	at org.elasticsearch.common.inject.ProviderToInternalFactoryAdapter.get(ProviderToInternalFactoryAdapter.java:43)
	at org.elasticsearch.common.inject.Scopes$1$1.get(Scopes.java:59)
	at org.elasticsearch.common.inject.InternalFactoryToProviderAdapter.get(InternalFactoryToProviderAdapter.java:46)
	at org.elasticsearch.common.inject.InjectorBuilder$1.call(InjectorBuilder.java:201)
	at org.elasticsearch.common.inject.InjectorBuilder$1.call(InjectorBuilder.java:193)
	at org.elasticsearch.common.inject.InjectorImpl.callInContext(InjectorImpl.java:879)
	at org.elasticsearch.common.inject.InjectorBuilder.loadEagerSingletons(InjectorBuilder.java:193)
	at org.elasticsearch.common.inject.InjectorBuilder.injectDynamically(InjectorBuilder.java:175)
	at org.elasticsearch.common.inject.InjectorBuilder.build(InjectorBuilder.java:110)
	at org.elasticsearch.common.inject.Guice.createInjector(Guice.java:96)
	at org.elasticsearch.common.inject.Guice.createInjector(Guice.java:70)
	at org.elasticsearch.common.inject.ModulesBuilder.createInjector(ModulesBuilder.java:46)
	at org.elasticsearch.node.Node.<init>(Node.java:213)
	at org.elasticsearch.node.Node.<init>(Node.java:140)
	at org.elasticsearch.node.NodeBuilder.build(NodeBuilder.java:143)
	at org.elasticsearch.node.NodeBuilder.node(NodeBuilder.java:150)
	at gov.ca.cwds.elasticsearch.db.ElasticsearchDaoTest.setUp(ElasticsearchDaoTest.java:36)
	at sun.reflect.NativeMethodAccessorImpl.invoke0(Native Method)
	at sun.reflect.NativeMethodAccessorImpl.invoke(NativeMethodAccessorImpl.java:62)
	at sun.reflect.DelegatingMethodAccessorImpl.invoke(DelegatingMethodAccessorImpl.java:43)
	at java.lang.reflect.Method.invoke(Method.java:498)
	at org.junit.runners.model.FrameworkMethod$1.runReflectiveCall(FrameworkMethod.java:50)
	at org.junit.internal.runners.model.ReflectiveCallable.run(ReflectiveCallable.java:12)
	at org.junit.runners.model.FrameworkMethod.invokeExplosively(FrameworkMethod.java:47)
	at org.junit.internal.runners.statements.RunBefores.evaluate(RunBefores.java:24)
	at org.junit.internal.runners.statements.RunAfters.evaluate(RunAfters.java:27)
	at org.junit.runners.ParentRunner.run(ParentRunner.java:363)
	at org.gradle.api.internal.tasks.testing.junit.JUnitTestClassExecuter.runTestClass(JUnitTestClassExecuter.java:114)
	at org.gradle.api.internal.tasks.testing.junit.JUnitTestClassExecuter.execute(JUnitTestClassExecuter.java:57)
	at org.gradle.api.internal.tasks.testing.junit.JUnitTestClassProcessor.processTestClass(JUnitTestClassProcessor.java:66)
	at org.gradle.api.internal.tasks.testing.SuiteTestClassProcessor.processTestClass(SuiteTestClassProcessor.java:51)
	at sun.reflect.NativeMethodAccessorImpl.invoke0(Native Method)
	at sun.reflect.NativeMethodAccessorImpl.invoke(NativeMethodAccessorImpl.java:62)
	at sun.reflect.DelegatingMethodAccessorImpl.invoke(DelegatingMethodAccessorImpl.java:43)
	at java.lang.reflect.Method.invoke(Method.java:498)
	at org.gradle.internal.dispatch.ReflectionDispatch.dispatch(ReflectionDispatch.java:35)
	at org.gradle.internal.dispatch.ReflectionDispatch.dispatch(ReflectionDispatch.java:24)
	at org.gradle.internal.dispatch.ContextClassLoaderDispatch.dispatch(ContextClassLoaderDispatch.java:32)
	at org.gradle.internal.dispatch.ProxyDispatchAdapter$DispatchingInvocationHandler.invoke(ProxyDispatchAdapter.java:93)
	at com.sun.proxy.$Proxy2.processTestClass(Unknown Source)
	at org.gradle.api.internal.tasks.testing.worker.TestWorker.processTestClass(TestWorker.java:109)
	at sun.reflect.NativeMethodAccessorImpl.invoke0(Native Method)
	at sun.reflect.NativeMethodAccessorImpl.invoke(NativeMethodAccessorImpl.java:62)
	at sun.reflect.DelegatingMethodAccessorImpl.invoke(DelegatingMethodAccessorImpl.java:43)
	at java.lang.reflect.Method.invoke(Method.java:498)
	at org.gradle.internal.dispatch.ReflectionDispatch.dispatch(ReflectionDispatch.java:35)
	at org.gradle.internal.dispatch.ReflectionDispatch.dispatch(ReflectionDispatch.java:24)
	at org.gradle.internal.remote.internal.hub.MessageHub$Handler.run(MessageHub.java:377)
	at org.gradle.internal.concurrent.ExecutorPolicy$CatchAndRecordFailures.onExecute(ExecutorPolicy.java:54)
	at org.gradle.internal.concurrent.StoppableExecutorImpl$1.run(StoppableExecutorImpl.java:40)
	at java.util.concurrent.ThreadPoolExecutor.runWorker(ThreadPoolExecutor.java:1142)
	at java.util.concurrent.ThreadPoolExecutor$Worker.run(ThreadPoolExecutor.java:617)
	at java.lang.Thread.run(Thread.java:745)
14:31:07.751 [Test worker] DEBUG org.elasticsearch.monitor.process - [Zabu] Using probe [org.elasticsearch.monitor.process.ProcessProbe@462eca59] with refresh_interval [1s]
14:31:07.761 [Test worker] DEBUG org.elasticsearch.monitor.jvm - [Zabu] Using refresh_interval [1s]
14:31:07.763 [Test worker] DEBUG org.elasticsearch.monitor.fs - [Zabu] Using probe [org.elasticsearch.monitor.fs.FsProbe@32d3aaa4] with refresh_interval [1s]
14:31:07.772 [Test worker] DEBUG org.elasticsearch.common.network - configuration:

lo0
        inet 127.94.0.1 netmask:255.0.0.0 scope:host
        inet 127.94.0.3 netmask:255.0.0.0 scope:host
        inet 127.0.0.1 netmask:255.0.0.0 scope:host
        inet6 fe80::1 prefixlen:64 scope:link
        inet6 ::1 prefixlen:128 scope:host
        UP MULTICAST LOOPBACK mtu:16384 index:1

en0
        inet 192.168.11.182 netmask:255.255.252.0 broadcast:192.168.11.255 scope:site
        inet6 fe80::82e6:50ff:fe05:e208 prefixlen:64 scope:link
        hardware 80:E6:50:05:E2:08
        UP MULTICAST mtu:1500 index:4

awdl0
        inet6 fe80::441d:62ff:fe4d:1c2b prefixlen:64 scope:link
        hardware 46:1D:62:4D:1C:2B
        UP MULTICAST mtu:1484 index:8

vmnet1
        inet 192.168.31.1 netmask:255.255.255.0 broadcast:192.168.31.255 scope:site
        hardware 00:50:56:C0:00:01
        UP MULTICAST mtu:1500 index:12

vmnet8
        inet 192.168.44.1 netmask:255.255.255.0 broadcast:192.168.44.255 scope:site
        hardware 00:50:56:C0:00:08
        UP MULTICAST mtu:1500 index:13

14:31:07.776 [Test worker] DEBUG org.elasticsearch.common.netty - using gathering [true]
14:31:07.807 [Test worker] DEBUG org.elasticsearch.discovery.zen.elect - [Zabu] using minimum_master_nodes [-1]
14:31:07.808 [Test worker] DEBUG org.elasticsearch.discovery.zen.ping.unicast - [Zabu] using initial hosts [127.0.0.1, [::1]], with concurrent_connects [10]
14:31:07.813 [Test worker] DEBUG org.elasticsearch.discovery.zen - [Zabu] using ping.timeout [3s], join.timeout [1m], master_election.filter_client [true], master_election.filter_data [false]
14:31:07.814 [Test worker] DEBUG org.elasticsearch.discovery.zen.fd - [Zabu] [master] uses ping_interval [1s], ping_timeout [30s], ping_retries [3]
14:31:07.816 [Test worker] DEBUG org.elasticsearch.discovery.zen.fd - [Zabu] [node  ] uses ping_interval [1s], ping_timeout [30s], ping_retries [3]
14:31:07.989 [Test worker] DEBUG org.elasticsearch.script - [Zabu] using script cache with max_size [100], expire [null]
14:31:07.994 [Test worker] DEBUG org.elasticsearch.cluster.routing.allocation.decider - [Zabu] using node_concurrent_recoveries [2], node_initial_primaries_recoveries [4]
14:31:07.995 [Test worker] DEBUG org.elasticsearch.cluster.routing.allocation.decider - [Zabu] using [cluster.routing.allocation.allow_rebalance] with [indices_all_active]
14:31:07.995 [Test worker] DEBUG org.elasticsearch.cluster.routing.allocation.decider - [Zabu] using [cluster_concurrent_rebalance] with [2]
14:31:08.036 [Test worker] DEBUG org.elasticsearch.gateway - [Zabu] using initial_shards [quorum]
14:31:08.164 [Test worker] DEBUG org.elasticsearch.http.netty - [Zabu] using max_chunk_size[8kb], max_header_size[8kb], max_initial_line_length[4kb], max_content_length[100mb], receive_predictor[512kb->512kb], pipelining[true], pipelining_max_events[10000]
14:31:08.185 [Test worker] DEBUG org.elasticsearch.indices.recovery - [Zabu] using max_bytes_per_sec[40mb], concurrent_streams [3], file_chunk_size [512kb], translog_size [512kb], translog_ops [1000], and compress [true]
14:31:08.195 [Test worker] DEBUG org.elasticsearch.indices.store - [Zabu] using indices.store.throttle.type [NONE], with index.store.throttle.max_bytes_per_sec [10gb]
14:31:08.196 [Test worker] DEBUG org.elasticsearch.indices.memory - [Zabu] using indexing buffer size [364mb], with indices.memory.min_shard_index_buffer_size [4mb], indices.memory.max_shard_index_buffer_size [512mb], indices.memory.shard_inactive_time [5m], indices.memory.interval [30s]
14:31:08.204 [Test worker] DEBUG org.elasticsearch.indices.cache.query - [Zabu] using [node] query cache with size [10%], actual_size [364mb], max filter count [1000]
14:31:08.207 [Test worker] DEBUG org.elasticsearch.indices.fielddata.cache - [Zabu] using size [-1] [-1b]
14:31:08.219 [Test worker] DEBUG org.elasticsearch.gateway - [Zabu] took 0s to load state
14:31:08.223 [Test worker] INFO org.elasticsearch.node - [Zabu] initialized
14:31:08.223 [Test worker] INFO org.elasticsearch.node - [Zabu] starting ...
14:31:08.237 [Test worker] DEBUG org.elasticsearch.netty.channel.socket.nio.SelectorUtil - Using select timeout of 500
14:31:08.237 [Test worker] DEBUG org.elasticsearch.netty.channel.socket.nio.SelectorUtil - Epoll-bug workaround enabled = false
14:31:08.258 [Test worker] DEBUG org.elasticsearch.transport.netty - [Zabu] using profile[default], worker_count[16], port[9300-9400], bind_host[null], publish_host[null], compress[false], connect_timeout[30s], connections_per_node[2/3/6/1/1], receive_predictor[512kb->512kb]
14:31:08.265 [Test worker] DEBUG org.elasticsearch.transport.netty - [Zabu] binding server bootstrap to: fe80::1
14:31:08.284 [Test worker] DEBUG org.elasticsearch.transport.netty - [Zabu] Bound profile [default] to address {[fe80::1]:9300}
14:31:08.286 [Test worker] DEBUG org.elasticsearch.transport.netty - [Zabu] Bound profile [default] to address {[::1]:9301}
14:31:08.286 [Test worker] DEBUG org.elasticsearch.transport.netty - [Zabu] Bound profile [default] to address {127.0.0.1:9300}
14:31:08.286 [Test worker] DEBUG org.elasticsearch.transport.netty - [Zabu] Bound profile [default] to address {127.94.0.3:9300}
14:31:08.286 [Test worker] DEBUG org.elasticsearch.transport.netty - [Zabu] Bound profile [default] to address {127.94.0.1:9300}
14:31:08.288 [Test worker] INFO org.elasticsearch.transport - [Zabu] publish_address {127.0.0.1:9300}, bound_addresses {[fe80::1]:9300}, {[::1]:9301}, {127.0.0.1:9300}, {127.94.0.3:9300}, {127.94.0.1:9300}
14:31:08.291 [Test worker] INFO org.elasticsearch.discovery - [Zabu] elasticsearch/FdRrqEKDRIqgfiqQprNbYQ
14:31:08.293 [elasticsearch[Zabu][clusterService#updateTask][T#1]] DEBUG org.elasticsearch.cluster.service - [Zabu] processing [initial_join]: execute
14:31:08.295 [elasticsearch[Zabu][clusterService#updateTask][T#1]] DEBUG org.elasticsearch.cluster.service - [Zabu] processing [initial_join]: took 1ms no change in cluster_state
14:31:08.312 [elasticsearch[Zabu][[unicast_connect]][T#5]] DEBUG org.elasticsearch.transport.netty - [Zabu] connected to node [{#zen_unicast_6#}{::1}{[::1]:9300}]
14:31:08.312 [elasticsearch[Zabu][[unicast_connect]][T#6]] DEBUG org.elasticsearch.transport.netty - [Zabu] connected to node [{#zen_unicast_7#}{::1}{[::1]:9301}]
14:31:11.323 [elasticsearch[Zabu][generic][T#1]] DEBUG org.elasticsearch.discovery.zen - [Zabu] filtered ping responses: (filter_client[true], filter_data[false])
	--> ping_response{node [{Redneck}{l9sLl7N_Rguaa25cAdkJSw}{172.17.0.3}{172.17.0.3:9300}], id[15], master [{Redneck}{l9sLl7N_Rguaa25cAdkJSw}{172.17.0.3}{172.17.0.3:9300}], hasJoinedOnce [true], cluster_name[elasticsearch]}
14:31:11.323 [elasticsearch[Zabu][generic][T#2]] DEBUG org.elasticsearch.transport.netty - [Zabu] disconnecting from [{#zen_unicast_6#}{::1}{[::1]:9300}] due to explicit disconnect call
14:31:11.325 [elasticsearch[Zabu][generic][T#2]] DEBUG org.elasticsearch.transport.netty - [Zabu] disconnecting from [{#zen_unicast_7#}{::1}{[::1]:9301}] due to explicit disconnect call
14:31:38.294 [Test worker] WARN org.elasticsearch.discovery - [Zabu] waited for 30s and no initial state was set by the discovery
14:31:38.306 [Test worker] DEBUG org.elasticsearch.http.netty - [Zabu] Bound http to address {[fe80::1]:9200}
14:31:38.308 [Test worker] DEBUG org.elasticsearch.http.netty - [Zabu] Bound http to address {[::1]:9201}
14:31:38.308 [Test worker] DEBUG org.elasticsearch.http.netty - [Zabu] Bound http to address {127.0.0.1:9200}
14:31:38.309 [Test worker] DEBUG org.elasticsearch.http.netty - [Zabu] Bound http to address {127.94.0.3:9200}
14:31:38.309 [Test worker] DEBUG org.elasticsearch.http.netty - [Zabu] Bound http to address {127.94.0.1:9200}
14:31:38.311 [Test worker] INFO org.elasticsearch.http - [Zabu] publish_address {127.0.0.1:9200}, bound_addresses {[fe80::1]:9200}, {[::1]:9201}, {127.0.0.1:9200}, {127.94.0.3:9200}, {127.94.0.1:9200}
14:31:38.311 [Test worker] INFO org.elasticsearch.node - [Zabu] started
14:31:38.591 [Test worker] DEBUG org.elasticsearch.action.admin.indices.create - [Zabu] no known master node, scheduling a retry
14:31:41.415 [elasticsearch[Zabu][generic][T#1]] WARN org.elasticsearch.discovery.zen - [Zabu] failed to connect to master [{Redneck}{l9sLl7N_Rguaa25cAdkJSw}{172.17.0.3}{172.17.0.3:9300}], retrying...
org.elasticsearch.transport.ConnectTransportException: [Redneck][172.17.0.3:9300] connect_timeout[30s]
	at org.elasticsearch.transport.netty.NettyTransport.connectToChannels(NettyTransport.java:987)
	at org.elasticsearch.transport.netty.NettyTransport.connectToNode(NettyTransport.java:920)
	at org.elasticsearch.transport.netty.NettyTransport.connectToNode(NettyTransport.java:893)
	at org.elasticsearch.transport.TransportService.connectToNode(TransportService.java:260)
	at org.elasticsearch.discovery.zen.ZenDiscovery.joinElectedMaster(ZenDiscovery.java:434)
	at org.elasticsearch.discovery.zen.ZenDiscovery.innerJoinCluster(ZenDiscovery.java:386)
	at org.elasticsearch.discovery.zen.ZenDiscovery.access$4800(ZenDiscovery.java:91)
	at org.elasticsearch.discovery.zen.ZenDiscovery$JoinThreadControl$1.run(ZenDiscovery.java:1237)
	at java.util.concurrent.ThreadPoolExecutor.runWorker(ThreadPoolExecutor.java:1142)
	at java.util.concurrent.ThreadPoolExecutor$Worker.run(ThreadPoolExecutor.java:617)
	at java.lang.Thread.run(Thread.java:745)
Caused by: org.jboss.netty.channel.ConnectTimeoutException: connection timed out: /172.17.0.3:9300
	at org.jboss.netty.channel.socket.nio.NioClientBoss.processConnectTimeout(NioClientBoss.java:139)
	at org.jboss.netty.channel.socket.nio.NioClientBoss.process(NioClientBoss.java:83)
	at org.jboss.netty.channel.socket.nio.AbstractNioSelector.run(AbstractNioSelector.java:337)
	at org.jboss.netty.channel.socket.nio.NioClientBoss.run(NioClientBoss.java:42)
	at org.jboss.netty.util.ThreadRenamingRunnable.run(ThreadRenamingRunnable.java:108)
	at org.jboss.netty.util.internal.DeadLockProofWorker$1.run(DeadLockProofWorker.java:42)
	... 3 common frames omitted
14:31:41.416 [elasticsearch[Zabu][clusterService#updateTask][T#1]] DEBUG org.elasticsearch.cluster.service - [Zabu] processing [finalize_join ({Redneck}{l9sLl7N_Rguaa25cAdkJSw}{172.17.0.3}{172.17.0.3:9300})]: execute
14:31:41.416 [elasticsearch[Zabu][clusterService#updateTask][T#1]] DEBUG org.elasticsearch.cluster.service - [Zabu] processing [finalize_join ({Redneck}{l9sLl7N_Rguaa25cAdkJSw}{172.17.0.3}{172.17.0.3:9300})]: took 0s no change in cluster_state
14:31:41.417 [elasticsearch[Zabu][[unicast_connect]][T#6]] DEBUG org.elasticsearch.transport.netty - [Zabu] connected to node [{#zen_unicast_6#}{::1}{[::1]:9300}]
14:31:41.417 [elasticsearch[Zabu][[unicast_connect]][T#3]] DEBUG org.elasticsearch.transport.netty - [Zabu] connected to node [{#zen_unicast_7#}{::1}{[::1]:9301}]
14:31:44.436 [elasticsearch[Zabu][generic][T#1]] DEBUG org.elasticsearch.discovery.zen - [Zabu] filtered ping responses: (filter_client[true], filter_data[false])
	--> ping_response{node [{Redneck}{l9sLl7N_Rguaa25cAdkJSw}{172.17.0.3}{172.17.0.3:9300}], id[18], master [{Redneck}{l9sLl7N_Rguaa25cAdkJSw}{172.17.0.3}{172.17.0.3:9300}], hasJoinedOnce [true], cluster_name[elasticsearch]}
14:31:44.436 [elasticsearch[Zabu][generic][T#3]] DEBUG org.elasticsearch.transport.netty - [Zabu] disconnecting from [{#zen_unicast_6#}{::1}{[::1]:9300}] due to explicit disconnect call
14:31:44.437 [elasticsearch[Zabu][generic][T#3]] DEBUG org.elasticsearch.transport.netty - [Zabu] disconnecting from [{#zen_unicast_7#}{::1}{[::1]:9301}] due to explicit disconnect call
14:32:14.515 [elasticsearch[Zabu][generic][T#1]] WARN org.elasticsearch.discovery.zen - [Zabu] failed to connect to master [{Redneck}{l9sLl7N_Rguaa25cAdkJSw}{172.17.0.3}{172.17.0.3:9300}], retrying...
org.elasticsearch.transport.ConnectTransportException: [Redneck][172.17.0.3:9300] connect_timeout[30s]
	at org.elasticsearch.transport.netty.NettyTransport.connectToChannels(NettyTransport.java:987)
	at org.elasticsearch.transport.netty.NettyTransport.connectToNode(NettyTransport.java:920)
	at org.elasticsearch.transport.netty.NettyTransport.connectToNode(NettyTransport.java:893)
	at org.elasticsearch.transport.TransportService.connectToNode(TransportService.java:260)
	at org.elasticsearch.discovery.zen.ZenDiscovery.joinElectedMaster(ZenDiscovery.java:434)
	at org.elasticsearch.discovery.zen.ZenDiscovery.innerJoinCluster(ZenDiscovery.java:386)
	at org.elasticsearch.discovery.zen.ZenDiscovery.access$4800(ZenDiscovery.java:91)
	at org.elasticsearch.discovery.zen.ZenDiscovery$JoinThreadControl$1.run(ZenDiscovery.java:1237)
	at java.util.concurrent.ThreadPoolExecutor.runWorker(ThreadPoolExecutor.java:1142)
	at java.util.concurrent.ThreadPoolExecutor$Worker.run(ThreadPoolExecutor.java:617)
	at java.lang.Thread.run(Thread.java:745)
Caused by: org.jboss.netty.channel.ConnectTimeoutException: connection timed out: /172.17.0.3:9300
	at org.jboss.netty.channel.socket.nio.NioClientBoss.processConnectTimeout(NioClientBoss.java:139)
	at org.jboss.netty.channel.socket.nio.NioClientBoss.process(NioClientBoss.java:83)
	at org.jboss.netty.channel.socket.nio.AbstractNioSelector.run(AbstractNioSelector.java:337)
	at org.jboss.netty.channel.socket.nio.NioClientBoss.run(NioClientBoss.java:42)
	at org.jboss.netty.util.ThreadRenamingRunnable.run(ThreadRenamingRunnable.java:108)
	at org.jboss.netty.util.internal.DeadLockProofWorker$1.run(DeadLockProofWorker.java:42)
	... 3 common frames omitted
14:32:14.516 [elasticsearch[Zabu][clusterService#updateTask][T#1]] DEBUG org.elasticsearch.cluster.service - [Zabu] processing [finalize_join ({Redneck}{l9sLl7N_Rguaa25cAdkJSw}{172.17.0.3}{172.17.0.3:9300})]: execute
14:32:14.517 [elasticsearch[Zabu][clusterService#updateTask][T#1]] DEBUG org.elasticsearch.cluster.service - [Zabu] processing [finalize_join ({Redneck}{l9sLl7N_Rguaa25cAdkJSw}{172.17.0.3}{172.17.0.3:9300})]: took 0s no change in cluster_state
14:32:14.518 [elasticsearch[Zabu][[unicast_connect]][T#8]] DEBUG org.elasticsearch.transport.netty - [Zabu] connected to node [{#zen_unicast_7#}{::1}{[::1]:9301}]
14:32:14.522 [elasticsearch[Zabu][[unicast_connect]][T#7]] DEBUG org.elasticsearch.transport.netty - [Zabu] connected to node [{#zen_unicast_6#}{::1}{[::1]:9300}]
14:32:17.534 [elasticsearch[Zabu][generic][T#7]] DEBUG org.elasticsearch.transport.netty - [Zabu] disconnecting from [{#zen_unicast_6#}{::1}{[::1]:9300}] due to explicit disconnect call
14:32:17.534 [elasticsearch[Zabu][generic][T#1]] DEBUG org.elasticsearch.discovery.zen - [Zabu] filtered ping responses: (filter_client[true], filter_data[false])
	--> ping_response{node [{Redneck}{l9sLl7N_Rguaa25cAdkJSw}{172.17.0.3}{172.17.0.3:9300}], id[21], master [{Redneck}{l9sLl7N_Rguaa25cAdkJSw}{172.17.0.3}{172.17.0.3:9300}], hasJoinedOnce [true], cluster_name[elasticsearch]}
14:32:17.535 [elasticsearch[Zabu][generic][T#7]] DEBUG org.elasticsearch.transport.netty - [Zabu] disconnecting from [{#zen_unicast_7#}{::1}{[::1]:9301}] due to explicit disconnect call
14:32:38.596 [elasticsearch[Zabu][generic][T#5]] DEBUG org.elasticsearch.action.admin.indices.create - [Zabu] timed out while retrying [indices:admin/create] after failure (timeout [1m])
14:32:38.597 [Test worker] DEBUG org.elasticsearch.action.admin.indices.create - [Zabu] no known master node, scheduling a retry
14:32:47.616 [elasticsearch[Zabu][generic][T#1]] WARN org.elasticsearch.discovery.zen - [Zabu] failed to connect to master [{Redneck}{l9sLl7N_Rguaa25cAdkJSw}{172.17.0.3}{172.17.0.3:9300}], retrying...
org.elasticsearch.transport.ConnectTransportException: [Redneck][172.17.0.3:9300] connect_timeout[30s]
	at org.elasticsearch.transport.netty.NettyTransport.connectToChannels(NettyTransport.java:987)
	at org.elasticsearch.transport.netty.NettyTransport.connectToNode(NettyTransport.java:920)
	at org.elasticsearch.transport.netty.NettyTransport.connectToNode(NettyTransport.java:893)
	at org.elasticsearch.transport.TransportService.connectToNode(TransportService.java:260)
	at org.elasticsearch.discovery.zen.ZenDiscovery.joinElectedMaster(ZenDiscovery.java:434)
	at org.elasticsearch.discovery.zen.ZenDiscovery.innerJoinCluster(ZenDiscovery.java:386)
	at org.elasticsearch.discovery.zen.ZenDiscovery.access$4800(ZenDiscovery.java:91)
	at org.elasticsearch.discovery.zen.ZenDiscovery$JoinThreadControl$1.run(ZenDiscovery.java:1237)
	at java.util.concurrent.ThreadPoolExecutor.runWorker(ThreadPoolExecutor.java:1142)
	at java.util.concurrent.ThreadPoolExecutor$Worker.run(ThreadPoolExecutor.java:617)
	at java.lang.Thread.run(Thread.java:745)
Caused by: org.jboss.netty.channel.ConnectTimeoutException: connection timed out: /172.17.0.3:9300
	at org.jboss.netty.channel.socket.nio.NioClientBoss.processConnectTimeout(NioClientBoss.java:139)
	at org.jboss.netty.channel.socket.nio.NioClientBoss.process(NioClientBoss.java:83)
	at org.jboss.netty.channel.socket.nio.AbstractNioSelector.run(AbstractNioSelector.java:337)
	at org.jboss.netty.channel.socket.nio.NioClientBoss.run(NioClientBoss.java:42)
	at org.jboss.netty.util.ThreadRenamingRunnable.run(ThreadRenamingRunnable.java:108)
	at org.jboss.netty.util.internal.DeadLockProofWorker$1.run(DeadLockProofWorker.java:42)
	... 3 common frames omitted
14:32:47.616 [elasticsearch[Zabu][clusterService#updateTask][T#1]] DEBUG org.elasticsearch.cluster.service - [Zabu] processing [finalize_join ({Redneck}{l9sLl7N_Rguaa25cAdkJSw}{172.17.0.3}{172.17.0.3:9300})]: execute
14:32:47.616 [elasticsearch[Zabu][clusterService#updateTask][T#1]] DEBUG org.elasticsearch.cluster.service - [Zabu] processing [finalize_join ({Redneck}{l9sLl7N_Rguaa25cAdkJSw}{172.17.0.3}{172.17.0.3:9300})]: took 0s no change in cluster_state
14:32:47.617 [elasticsearch[Zabu][[unicast_connect]][T#8]] DEBUG org.elasticsearch.transport.netty - [Zabu] connected to node [{#zen_unicast_6#}{::1}{[::1]:9300}]
14:32:47.619 [elasticsearch[Zabu][[unicast_connect]][T#6]] DEBUG org.elasticsearch.transport.netty - [Zabu] connected to node [{#zen_unicast_7#}{::1}{[::1]:9301}]
14:32:50.628 [elasticsearch[Zabu][generic][T#1]] DEBUG org.elasticsearch.discovery.zen - [Zabu] filtered ping responses: (filter_client[true], filter_data[false])
	--> ping_response{node [{Redneck}{l9sLl7N_Rguaa25cAdkJSw}{172.17.0.3}{172.17.0.3:9300}], id[24], master [{Redneck}{l9sLl7N_Rguaa25cAdkJSw}{172.17.0.3}{172.17.0.3:9300}], hasJoinedOnce [true], cluster_name[elasticsearch]}
14:32:50.628 [elasticsearch[Zabu][generic][T#9]] DEBUG org.elasticsearch.transport.netty - [Zabu] disconnecting from [{#zen_unicast_6#}{::1}{[::1]:9300}] due to explicit disconnect call
14:32:50.629 [elasticsearch[Zabu][generic][T#9]] DEBUG org.elasticsearch.transport.netty - [Zabu] disconnecting from [{#zen_unicast_7#}{::1}{[::1]:9301}] due to explicit disconnect call
14:33:20.712 [elasticsearch[Zabu][generic][T#1]] WARN org.elasticsearch.discovery.zen - [Zabu] failed to connect to master [{Redneck}{l9sLl7N_Rguaa25cAdkJSw}{172.17.0.3}{172.17.0.3:9300}], retrying...
org.elasticsearch.transport.ConnectTransportException: [Redneck][172.17.0.3:9300] connect_timeout[30s]
	at org.elasticsearch.transport.netty.NettyTransport.connectToChannels(NettyTransport.java:987)
	at org.elasticsearch.transport.netty.NettyTransport.connectToNode(NettyTransport.java:920)
	at org.elasticsearch.transport.netty.NettyTransport.connectToNode(NettyTransport.java:893)
	at org.elasticsearch.transport.TransportService.connectToNode(TransportService.java:260)
	at org.elasticsearch.discovery.zen.ZenDiscovery.joinElectedMaster(ZenDiscovery.java:434)
	at org.elasticsearch.discovery.zen.ZenDiscovery.innerJoinCluster(ZenDiscovery.java:386)
	at org.elasticsearch.discovery.zen.ZenDiscovery.access$4800(ZenDiscovery.java:91)
	at org.elasticsearch.discovery.zen.ZenDiscovery$JoinThreadControl$1.run(ZenDiscovery.java:1237)
	at java.util.concurrent.ThreadPoolExecutor.runWorker(ThreadPoolExecutor.java:1142)
	at java.util.concurrent.ThreadPoolExecutor$Worker.run(ThreadPoolExecutor.java:617)
	at java.lang.Thread.run(Thread.java:745)
Caused by: org.jboss.netty.channel.ConnectTimeoutException: connection timed out: /172.17.0.3:9300
	at org.jboss.netty.channel.socket.nio.NioClientBoss.processConnectTimeout(NioClientBoss.java:139)
	at org.jboss.netty.channel.socket.nio.NioClientBoss.process(NioClientBoss.java:83)
	at org.jboss.netty.channel.socket.nio.AbstractNioSelector.run(AbstractNioSelector.java:337)
	at org.jboss.netty.channel.socket.nio.NioClientBoss.run(NioClientBoss.java:42)
	at org.jboss.netty.util.ThreadRenamingRunnable.run(ThreadRenamingRunnable.java:108)
	at org.jboss.netty.util.internal.DeadLockProofWorker$1.run(DeadLockProofWorker.java:42)
	... 3 common frames omitted
14:33:20.713 [elasticsearch[Zabu][clusterService#updateTask][T#1]] DEBUG org.elasticsearch.cluster.service - [Zabu] processing [finalize_join ({Redneck}{l9sLl7N_Rguaa25cAdkJSw}{172.17.0.3}{172.17.0.3:9300})]: execute
14:33:20.713 [elasticsearch[Zabu][clusterService#updateTask][T#1]] DEBUG org.elasticsearch.cluster.service - [Zabu] processing [finalize_join ({Redneck}{l9sLl7N_Rguaa25cAdkJSw}{172.17.0.3}{172.17.0.3:9300})]: took 0s no change in cluster_state
14:33:20.714 [elasticsearch[Zabu][[unicast_connect]][T#7]] DEBUG org.elasticsearch.transport.netty - [Zabu] connected to node [{#zen_unicast_7#}{::1}{[::1]:9301}]
14:33:20.714 [elasticsearch[Zabu][[unicast_connect]][T#3]] DEBUG org.elasticsearch.transport.netty - [Zabu] connected to node [{#zen_unicast_6#}{::1}{[::1]:9300}]
14:33:23.723 [elasticsearch[Zabu][generic][T#1]] DEBUG org.elasticsearch.discovery.zen - [Zabu] filtered ping responses: (filter_client[true], filter_data[false])
	--> ping_response{node [{Redneck}{l9sLl7N_Rguaa25cAdkJSw}{172.17.0.3}{172.17.0.3:9300}], id[27], master [{Redneck}{l9sLl7N_Rguaa25cAdkJSw}{172.17.0.3}{172.17.0.3:9300}], hasJoinedOnce [true], cluster_name[elasticsearch]}
14:33:23.723 [elasticsearch[Zabu][generic][T#5]] DEBUG org.elasticsearch.transport.netty - [Zabu] disconnecting from [{#zen_unicast_6#}{::1}{[::1]:9300}] due to explicit disconnect call
14:33:23.723 [elasticsearch[Zabu][generic][T#5]] DEBUG org.elasticsearch.transport.netty - [Zabu] disconnecting from [{#zen_unicast_7#}{::1}{[::1]:9301}] due to explicit disconnect call
14:33:38.602 [elasticsearch[Zabu][generic][T#11]] DEBUG org.elasticsearch.action.admin.indices.create - [Zabu] timed out while retrying [indices:admin/create] after failure (timeout [1m])
14:33:38.607 [Test worker] DEBUG org.elasticsearch.action.admin.indices.create - [Zabu] no known master node, scheduling a retry
14:33:53.814 [elasticsearch[Zabu][generic][T#1]] WARN org.elasticsearch.discovery.zen - [Zabu] failed to connect to master [{Redneck}{l9sLl7N_Rguaa25cAdkJSw}{172.17.0.3}{172.17.0.3:9300}], retrying...
org.elasticsearch.transport.ConnectTransportException: [Redneck][172.17.0.3:9300] connect_timeout[30s]
	at org.elasticsearch.transport.netty.NettyTransport.connectToChannels(NettyTransport.java:987)
	at org.elasticsearch.transport.netty.NettyTransport.connectToNode(NettyTransport.java:920)
	at org.elasticsearch.transport.netty.NettyTransport.connectToNode(NettyTransport.java:893)
	at org.elasticsearch.transport.TransportService.connectToNode(TransportService.java:260)
	at org.elasticsearch.discovery.zen.ZenDiscovery.joinElectedMaster(ZenDiscovery.java:434)
	at org.elasticsearch.discovery.zen.ZenDiscovery.innerJoinCluster(ZenDiscovery.java:386)
	at org.elasticsearch.discovery.zen.ZenDiscovery.access$4800(ZenDiscovery.java:91)
	at org.elasticsearch.discovery.zen.ZenDiscovery$JoinThreadControl$1.run(ZenDiscovery.java:1237)
	at java.util.concurrent.ThreadPoolExecutor.runWorker(ThreadPoolExecutor.java:1142)
	at java.util.concurrent.ThreadPoolExecutor$Worker.run(ThreadPoolExecutor.java:617)
	at java.lang.Thread.run(Thread.java:745)
Caused by: org.jboss.netty.channel.ConnectTimeoutException: connection timed out: /172.17.0.3:9300
	at org.jboss.netty.channel.socket.nio.NioClientBoss.processConnectTimeout(NioClientBoss.java:139)
	at org.jboss.netty.channel.socket.nio.NioClientBoss.process(NioClientBoss.java:83)
	at org.jboss.netty.channel.socket.nio.AbstractNioSelector.run(AbstractNioSelector.java:337)
	at org.jboss.netty.channel.socket.nio.NioClientBoss.run(NioClientBoss.java:42)
	at org.jboss.netty.util.ThreadRenamingRunnable.run(ThreadRenamingRunnable.java:108)
	at org.jboss.netty.util.internal.DeadLockProofWorker$1.run(DeadLockProofWorker.java:42)
	... 3 common frames omitted
14:33:53.814 [elasticsearch[Zabu][clusterService#updateTask][T#1]] DEBUG org.elasticsearch.cluster.service - [Zabu] processing [finalize_join ({Redneck}{l9sLl7N_Rguaa25cAdkJSw}{172.17.0.3}{172.17.0.3:9300})]: execute
14:33:53.814 [elasticsearch[Zabu][clusterService#updateTask][T#1]] DEBUG org.elasticsearch.cluster.service - [Zabu] processing [finalize_join ({Redneck}{l9sLl7N_Rguaa25cAdkJSw}{172.17.0.3}{172.17.0.3:9300})]: took 0s no change in cluster_state
14:33:53.816 [elasticsearch[Zabu][[unicast_connect]][T#9]] DEBUG org.elasticsearch.transport.netty - [Zabu] connected to node [{#zen_unicast_6#}{::1}{[::1]:9300}]
14:33:53.817 [elasticsearch[Zabu][[unicast_connect]][T#3]] DEBUG org.elasticsearch.transport.netty - [Zabu] connected to node [{#zen_unicast_7#}{::1}{[::1]:9301}]
14:33:56.827 [elasticsearch[Zabu][generic][T#14]] DEBUG org.elasticsearch.transport.netty - [Zabu] disconnecting from [{#zen_unicast_6#}{::1}{[::1]:9300}] due to explicit disconnect call
14:33:56.827 [elasticsearch[Zabu][generic][T#1]] DEBUG org.elasticsearch.discovery.zen - [Zabu] filtered ping responses: (filter_client[true], filter_data[false])
	--> ping_response{node [{Redneck}{l9sLl7N_Rguaa25cAdkJSw}{172.17.0.3}{172.17.0.3:9300}], id[30], master [{Redneck}{l9sLl7N_Rguaa25cAdkJSw}{172.17.0.3}{172.17.0.3:9300}], hasJoinedOnce [true], cluster_name[elasticsearch]}
14:33:56.828 [elasticsearch[Zabu][generic][T#14]] DEBUG org.elasticsearch.transport.netty - [Zabu] disconnecting from [{#zen_unicast_7#}{::1}{[::1]:9301}] due to explicit disconnect call
14:34:26.916 [elasticsearch[Zabu][generic][T#1]] WARN org.elasticsearch.discovery.zen - [Zabu] failed to connect to master [{Redneck}{l9sLl7N_Rguaa25cAdkJSw}{172.17.0.3}{172.17.0.3:9300}], retrying...
org.elasticsearch.transport.ConnectTransportException: [Redneck][172.17.0.3:9300] connect_timeout[30s]
	at org.elasticsearch.transport.netty.NettyTransport.connectToChannels(NettyTransport.java:987)
	at org.elasticsearch.transport.netty.NettyTransport.connectToNode(NettyTransport.java:920)
	at org.elasticsearch.transport.netty.NettyTransport.connectToNode(NettyTransport.java:893)
	at org.elasticsearch.transport.TransportService.connectToNode(TransportService.java:260)
	at org.elasticsearch.discovery.zen.ZenDiscovery.joinElectedMaster(ZenDiscovery.java:434)
	at org.elasticsearch.discovery.zen.ZenDiscovery.innerJoinCluster(ZenDiscovery.java:386)
	at org.elasticsearch.discovery.zen.ZenDiscovery.access$4800(ZenDiscovery.java:91)
	at org.elasticsearch.discovery.zen.ZenDiscovery$JoinThreadControl$1.run(ZenDiscovery.java:1237)
	at java.util.concurrent.ThreadPoolExecutor.runWorker(ThreadPoolExecutor.java:1142)
	at java.util.concurrent.ThreadPoolExecutor$Worker.run(ThreadPoolExecutor.java:617)
	at java.lang.Thread.run(Thread.java:745)
Caused by: org.jboss.netty.channel.ConnectTimeoutException: connection timed out: /172.17.0.3:9300
	at org.jboss.netty.channel.socket.nio.NioClientBoss.processConnectTimeout(NioClientBoss.java:139)
	at org.jboss.netty.channel.socket.nio.NioClientBoss.process(NioClientBoss.java:83)
	at org.jboss.netty.channel.socket.nio.AbstractNioSelector.run(AbstractNioSelector.java:337)
	at org.jboss.netty.channel.socket.nio.NioClientBoss.run(NioClientBoss.java:42)
	at org.jboss.netty.util.ThreadRenamingRunnable.run(ThreadRenamingRunnable.java:108)
	at org.jboss.netty.util.internal.DeadLockProofWorker$1.run(DeadLockProofWorker.java:42)
	... 3 common frames omitted
14:34:26.916 [elasticsearch[Zabu][clusterService#updateTask][T#1]] DEBUG org.elasticsearch.cluster.service - [Zabu] processing [finalize_join ({Redneck}{l9sLl7N_Rguaa25cAdkJSw}{172.17.0.3}{172.17.0.3:9300})]: execute
14:34:26.916 [elasticsearch[Zabu][clusterService#updateTask][T#1]] DEBUG org.elasticsearch.cluster.service - [Zabu] processing [finalize_join ({Redneck}{l9sLl7N_Rguaa25cAdkJSw}{172.17.0.3}{172.17.0.3:9300})]: took 0s no change in cluster_state
14:34:26.918 [elasticsearch[Zabu][[unicast_connect]][T#9]] DEBUG org.elasticsearch.transport.netty - [Zabu] connected to node [{#zen_unicast_6#}{::1}{[::1]:9300}]
14:34:26.918 [elasticsearch[Zabu][[unicast_connect]][T#2]] DEBUG org.elasticsearch.transport.netty - [Zabu] connected to node [{#zen_unicast_7#}{::1}{[::1]:9301}]
14:34:29.930 [elasticsearch[Zabu][generic][T#1]] DEBUG org.elasticsearch.discovery.zen - [Zabu] filtered ping responses: (filter_client[true], filter_data[false])
	--> ping_response{node [{Redneck}{l9sLl7N_Rguaa25cAdkJSw}{172.17.0.3}{172.17.0.3:9300}], id[33], master [{Redneck}{l9sLl7N_Rguaa25cAdkJSw}{172.17.0.3}{172.17.0.3:9300}], hasJoinedOnce [true], cluster_name[elasticsearch]}
14:34:29.930 [elasticsearch[Zabu][generic][T#15]] DEBUG org.elasticsearch.transport.netty - [Zabu] disconnecting from [{#zen_unicast_6#}{::1}{[::1]:9300}] due to explicit disconnect call
14:34:29.930 [elasticsearch[Zabu][generic][T#15]] DEBUG org.elasticsearch.transport.netty - [Zabu] disconnecting from [{#zen_unicast_7#}{::1}{[::1]:9301}] due to explicit disconnect call
14:34:38.609 [elasticsearch[Zabu][generic][T#11]] DEBUG org.elasticsearch.action.admin.indices.create - [Zabu] timed out while retrying [indices:admin/create] after failure (timeout [1m])
14:34:38.613 [Test worker] DEBUG org.elasticsearch.action.admin.indices.create - [Zabu] no known master node, scheduling a retry
14:35:00.014 [elasticsearch[Zabu][generic][T#1]] WARN org.elasticsearch.discovery.zen - [Zabu] failed to connect to master [{Redneck}{l9sLl7N_Rguaa25cAdkJSw}{172.17.0.3}{172.17.0.3:9300}], retrying...
org.elasticsearch.transport.ConnectTransportException: [Redneck][172.17.0.3:9300] connect_timeout[30s]
	at org.elasticsearch.transport.netty.NettyTransport.connectToChannels(NettyTransport.java:987)
	at org.elasticsearch.transport.netty.NettyTransport.connectToNode(NettyTransport.java:920)
	at org.elasticsearch.transport.netty.NettyTransport.connectToNode(NettyTransport.java:893)
	at org.elasticsearch.transport.TransportService.connectToNode(TransportService.java:260)
	at org.elasticsearch.discovery.zen.ZenDiscovery.joinElectedMaster(ZenDiscovery.java:434)
	at org.elasticsearch.discovery.zen.ZenDiscovery.innerJoinCluster(ZenDiscovery.java:386)
	at org.elasticsearch.discovery.zen.ZenDiscovery.access$4800(ZenDiscovery.java:91)
	at org.elasticsearch.discovery.zen.ZenDiscovery$JoinThreadControl$1.run(ZenDiscovery.java:1237)
	at java.util.concurrent.ThreadPoolExecutor.runWorker(ThreadPoolExecutor.java:1142)
	at java.util.concurrent.ThreadPoolExecutor$Worker.run(ThreadPoolExecutor.java:617)
	at java.lang.Thread.run(Thread.java:745)
Caused by: org.jboss.netty.channel.ConnectTimeoutException: connection timed out: /172.17.0.3:9300
	at org.jboss.netty.channel.socket.nio.NioClientBoss.processConnectTimeout(NioClientBoss.java:139)
	at org.jboss.netty.channel.socket.nio.NioClientBoss.process(NioClientBoss.java:83)
	at org.jboss.netty.channel.socket.nio.AbstractNioSelector.run(AbstractNioSelector.java:337)
	at org.jboss.netty.channel.socket.nio.NioClientBoss.run(NioClientBoss.java:42)
	at org.jboss.netty.util.ThreadRenamingRunnable.run(ThreadRenamingRunnable.java:108)
	at org.jboss.netty.util.internal.DeadLockProofWorker$1.run(DeadLockProofWorker.java:42)
	... 3 common frames omitted
14:35:00.015 [elasticsearch[Zabu][clusterService#updateTask][T#1]] DEBUG org.elasticsearch.cluster.service - [Zabu] processing [finalize_join ({Redneck}{l9sLl7N_Rguaa25cAdkJSw}{172.17.0.3}{172.17.0.3:9300})]: execute
14:35:00.015 [elasticsearch[Zabu][clusterService#updateTask][T#1]] DEBUG org.elasticsearch.cluster.service - [Zabu] processing [finalize_join ({Redneck}{l9sLl7N_Rguaa25cAdkJSw}{172.17.0.3}{172.17.0.3:9300})]: took 0s no change in cluster_state
14:35:00.016 [elasticsearch[Zabu][[unicast_connect]][T#8]] DEBUG org.elasticsearch.transport.netty - [Zabu] connected to node [{#zen_unicast_7#}{::1}{[::1]:9301}]
14:35:00.018 [elasticsearch[Zabu][[unicast_connect]][T#3]] DEBUG org.elasticsearch.transport.netty - [Zabu] connected to node [{#zen_unicast_6#}{::1}{[::1]:9300}]
14:35:03.050 [elasticsearch[Zabu][generic][T#11]] DEBUG org.elasticsearch.transport.netty - [Zabu] disconnecting from [{#zen_unicast_6#}{::1}{[::1]:9300}] due to explicit disconnect call
14:35:03.050 [elasticsearch[Zabu][generic][T#1]] DEBUG org.elasticsearch.discovery.zen - [Zabu] filtered ping responses: (filter_client[true], filter_data[false])
	--> ping_response{node [{Redneck}{l9sLl7N_Rguaa25cAdkJSw}{172.17.0.3}{172.17.0.3:9300}], id[36], master [{Redneck}{l9sLl7N_Rguaa25cAdkJSw}{172.17.0.3}{172.17.0.3:9300}], hasJoinedOnce [true], cluster_name[elasticsearch]}
14:35:03.050 [elasticsearch[Zabu][generic][T#11]] DEBUG org.elasticsearch.transport.netty - [Zabu] disconnecting from [{#zen_unicast_7#}{::1}{[::1]:9301}] due to explicit disconnect call
14:35:33.113 [elasticsearch[Zabu][generic][T#1]] WARN org.elasticsearch.discovery.zen - [Zabu] failed to connect to master [{Redneck}{l9sLl7N_Rguaa25cAdkJSw}{172.17.0.3}{172.17.0.3:9300}], retrying...
org.elasticsearch.transport.ConnectTransportException: [Redneck][172.17.0.3:9300] connect_timeout[30s]
	at org.elasticsearch.transport.netty.NettyTransport.connectToChannels(NettyTransport.java:987)
	at org.elasticsearch.transport.netty.NettyTransport.connectToNode(NettyTransport.java:920)
	at org.elasticsearch.transport.netty.NettyTransport.connectToNode(NettyTransport.java:893)
	at org.elasticsearch.transport.TransportService.connectToNode(TransportService.java:260)
	at org.elasticsearch.discovery.zen.ZenDiscovery.joinElectedMaster(ZenDiscovery.java:434)
	at org.elasticsearch.discovery.zen.ZenDiscovery.innerJoinCluster(ZenDiscovery.java:386)
	at org.elasticsearch.discovery.zen.ZenDiscovery.access$4800(ZenDiscovery.java:91)
	at org.elasticsearch.discovery.zen.ZenDiscovery$JoinThreadControl$1.run(ZenDiscovery.java:1237)
	at java.util.concurrent.ThreadPoolExecutor.runWorker(ThreadPoolExecutor.java:1142)
	at java.util.concurrent.ThreadPoolExecutor$Worker.run(ThreadPoolExecutor.java:617)
	at java.lang.Thread.run(Thread.java:745)
Caused by: org.jboss.netty.channel.ConnectTimeoutException: connection timed out: /172.17.0.3:9300
	at org.jboss.netty.channel.socket.nio.NioClientBoss.processConnectTimeout(NioClientBoss.java:139)
	at org.jboss.netty.channel.socket.nio.NioClientBoss.process(NioClientBoss.java:83)
	at org.jboss.netty.channel.socket.nio.AbstractNioSelector.run(AbstractNioSelector.java:337)
	at org.jboss.netty.channel.socket.nio.NioClientBoss.run(NioClientBoss.java:42)
	at org.jboss.netty.util.ThreadRenamingRunnable.run(ThreadRenamingRunnable.java:108)
	at org.jboss.netty.util.internal.DeadLockProofWorker$1.run(DeadLockProofWorker.java:42)
	... 3 common frames omitted
14:35:33.113 [elasticsearch[Zabu][clusterService#updateTask][T#1]] DEBUG org.elasticsearch.cluster.service - [Zabu] processing [finalize_join ({Redneck}{l9sLl7N_Rguaa25cAdkJSw}{172.17.0.3}{172.17.0.3:9300})]: execute
14:35:33.113 [elasticsearch[Zabu][clusterService#updateTask][T#1]] DEBUG org.elasticsearch.cluster.service - [Zabu] processing [finalize_join ({Redneck}{l9sLl7N_Rguaa25cAdkJSw}{172.17.0.3}{172.17.0.3:9300})]: took 0s no change in cluster_state
14:35:33.115 [elasticsearch[Zabu][[unicast_connect]][T#6]] DEBUG org.elasticsearch.transport.netty - [Zabu] connected to node [{#zen_unicast_6#}{::1}{[::1]:9300}]
14:35:33.116 [elasticsearch[Zabu][[unicast_connect]][T#4]] DEBUG org.elasticsearch.transport.netty - [Zabu] connected to node [{#zen_unicast_7#}{::1}{[::1]:9301}]
14:35:36.125 [elasticsearch[Zabu][generic][T#1]] DEBUG org.elasticsearch.discovery.zen - [Zabu] filtered ping responses: (filter_client[true], filter_data[false])
	--> ping_response{node [{Redneck}{l9sLl7N_Rguaa25cAdkJSw}{172.17.0.3}{172.17.0.3:9300}], id[39], master [{Redneck}{l9sLl7N_Rguaa25cAdkJSw}{172.17.0.3}{172.17.0.3:9300}], hasJoinedOnce [true], cluster_name[elasticsearch]}
14:35:36.125 [elasticsearch[Zabu][generic][T#20]] DEBUG org.elasticsearch.transport.netty - [Zabu] disconnecting from [{#zen_unicast_6#}{::1}{[::1]:9300}] due to explicit disconnect call
14:35:36.125 [elasticsearch[Zabu][generic][T#20]] DEBUG org.elasticsearch.transport.netty - [Zabu] disconnecting from [{#zen_unicast_7#}{::1}{[::1]:9301}] due to explicit disconnect call
14:35:38.614 [elasticsearch[Zabu][generic][T#19]] DEBUG org.elasticsearch.action.admin.indices.create - [Zabu] timed out while retrying [indices:admin/create] after failure (timeout [1m])
closing client............
14:35:38.616 [Test worker] INFO org.elasticsearch.node - [Zabu] stopping ...
14:36:06.215 [elasticsearch[Zabu][generic][T#1]] WARN org.elasticsearch.discovery.zen - [Zabu] failed to connect to master [{Redneck}{l9sLl7N_Rguaa25cAdkJSw}{172.17.0.3}{172.17.0.3:9300}], retrying...
org.elasticsearch.transport.ConnectTransportException: [Redneck][172.17.0.3:9300] connect_timeout[30s]
	at org.elasticsearch.transport.netty.NettyTransport.connectToChannels(NettyTransport.java:987)
	at org.elasticsearch.transport.netty.NettyTransport.connectToNode(NettyTransport.java:920)
	at org.elasticsearch.transport.netty.NettyTransport.connectToNode(NettyTransport.java:893)
	at org.elasticsearch.transport.TransportService.connectToNode(TransportService.java:260)
	at org.elasticsearch.discovery.zen.ZenDiscovery.joinElectedMaster(ZenDiscovery.java:434)
	at org.elasticsearch.discovery.zen.ZenDiscovery.innerJoinCluster(ZenDiscovery.java:386)
	at org.elasticsearch.discovery.zen.ZenDiscovery.access$4800(ZenDiscovery.java:91)
	at org.elasticsearch.discovery.zen.ZenDiscovery$JoinThreadControl$1.run(ZenDiscovery.java:1237)
	at java.util.concurrent.ThreadPoolExecutor.runWorker(ThreadPoolExecutor.java:1142)
	at java.util.concurrent.ThreadPoolExecutor$Worker.run(ThreadPoolExecutor.java:617)
	at java.lang.Thread.run(Thread.java:745)
Caused by: org.jboss.netty.channel.ConnectTimeoutException: connection timed out: /172.17.0.3:9300
	at org.jboss.netty.channel.socket.nio.NioClientBoss.processConnectTimeout(NioClientBoss.java:139)
	at org.jboss.netty.channel.socket.nio.NioClientBoss.process(NioClientBoss.java:83)
	at org.jboss.netty.channel.socket.nio.AbstractNioSelector.run(AbstractNioSelector.java:337)
	at org.jboss.netty.channel.socket.nio.NioClientBoss.run(NioClientBoss.java:42)
	at org.jboss.netty.util.ThreadRenamingRunnable.run(ThreadRenamingRunnable.java:108)
	at org.jboss.netty.util.internal.DeadLockProofWorker$1.run(DeadLockProofWorker.java:42)
	... 3 common frames omitted
14:36:06.221 [Test worker] INFO org.elasticsearch.node - [Zabu] stopped
14:36:06.221 [Test worker] INFO org.elasticsearch.node - [Zabu] closing ...
14:36:06.224 [Test worker] INFO org.elasticsearch.node - [Zabu] closed
removeing dir..........
removeing dir..........
removeing dir..........
removeing dir..........
removeing dir..........
removeing dir..........
..../var/folders/z9/dhwjkrln03l4x9445h5pcvdm0000gn/T/elasticsearch-temp6331238672049704971029694236157075/data/elasticsearch/nodes/0/node.lock
..../var/folders/z9/dhwjkrln03l4x9445h5pcvdm0000gn/T/elasticsearch-temp6331238672049704971029694236157075/data/elasticsearch/nodes/0
..../var/folders/z9/dhwjkrln03l4x9445h5pcvdm0000gn/T/elasticsearch-temp6331238672049704971029694236157075/data/elasticsearch/nodes
..../var/folders/z9/dhwjkrln03l4x9445h5pcvdm0000gn/T/elasticsearch-temp6331238672049704971029694236157075/data/elasticsearch
..../var/folders/z9/dhwjkrln03l4x9445h5pcvdm0000gn/T/elasticsearch-temp6331238672049704971029694236157075/data
..../var/folders/z9/dhwjkrln03l4x9445h5pcvdm0000gn/T/elasticsearch-temp6331238672049704971029694236157075
]]></system-out>
  <system-err><![CDATA[ERROR StatusLogger No log4j2 configuration file found. Using default configuration: logging only errors to the console.
]]></system-err>
</testsuite>
